\BOOKMARK [1][-]{section.1}{Introduction}{}% 1
\BOOKMARK [1][-]{section.2}{Related\040Work}{}% 2
\BOOKMARK [1][-]{section.3}{Proposed\040Method}{}% 3
\BOOKMARK [2][-]{subsection.3.1}{Feature\040Extraction}{section.3}% 4
\BOOKMARK [3][-]{subsubsection.3.1.1}{Stock\040Switching}{subsection.3.1}% 5
\BOOKMARK [1][-]{section.4}{Experimental\040Results}{}% 6
\BOOKMARK [2][-]{subsection.4.1}{The\040Dataset}{section.4}% 7
\BOOKMARK [2][-]{subsection.4.2}{Latent\040Space\040Investigation}{section.4}% 8
\BOOKMARK [2][-]{subsection.4.3}{Ablation\040Study}{section.4}% 9
\BOOKMARK [3][-]{subsubsection.4.3.1}{Feature\040Extraction}{subsection.4.3}% 10
\BOOKMARK [3][-]{subsubsection.4.3.2}{Latent\040Space\040Dimensionality}{subsection.4.3}% 11
\BOOKMARK [3][-]{subsubsection.4.3.3}{Reward\040Function}{subsection.4.3}% 12
\BOOKMARK [3][-]{subsubsection.4.3.4}{Considering\040Risk-free\040Asset}{subsection.4.3}% 13
\BOOKMARK [2][-]{subsection.4.4}{Portfolio\040Proposals}{section.4}% 14
\BOOKMARK [3][-]{subsubsection.4.4.1}{Baselines}{subsection.4.4}% 15
\BOOKMARK [3][-]{subsubsection.4.4.2}{Deep\040Learning\040Models}{subsection.4.4}% 16
\BOOKMARK [3][-]{subsubsection.4.4.3}{Comparison\040results}{subsection.4.4}% 17
\BOOKMARK [1][-]{section.5}{Conclusion}{}% 18
\BOOKMARK [2][-]{subsection.5.1}{Advantages}{section.5}% 19
\BOOKMARK [2][-]{subsection.5.2}{Weaknesses}{section.5}% 20
